This is pdfTeX, Version 3.141592653-2.6-1.40.27 (TeX Live 2025) (preloaded format=pdflatex 2025.3.8)  18 MAR 2026 14:04
entering extended mode
 restricted \write18 enabled.
 %&-line parsing enabled.
**Paper_JCIM.tex
(./Paper_JCIM.tex
LaTeX2e <2024-11-01> patch level 2
L3 programming layer <2025-01-18>
(/usr/local/texlive/2025/texmf-dist/tex/latex/achemso/achemso.cls
Document Class: achemso 2025-01-29 v3.13h Submission to ACS journals
(/usr/local/texlive/2025/texmf-dist/tex/latex/base/article.cls
Document Class: article 2024/06/29 v1.4n Standard LaTeX document class
(/usr/local/texlive/2025/texmf-dist/tex/latex/base/size12.clo
File: size12.clo 2024/06/29 v1.4n Standard LaTeX file (size option)
)
\c@part=\count196
\c@section=\count197
\c@subsection=\count198
\c@subsubsection=\count199
\c@paragraph=\count266
\c@subparagraph=\count267
\c@figure=\count268
\c@table=\count269
\abovecaptionskip=\skip49
\belowcaptionskip=\skip50
\bibindent=\dimen141
)
(/usr/local/texlive/2025/texmf-dist/tex/latex/xkeyval/xkeyval.sty
Package: xkeyval 2022/06/16 v2.9 package option processing (HA)

(/usr/local/texlive/2025/texmf-dist/tex/generic/xkeyval/xkeyval.tex
(/usr/local/texlive/2025/texmf-dist/tex/generic/xkeyval/xkvutils.tex
\XKV@toks=\toks17
\XKV@tempa@toks=\toks18

(/usr/local/texlive/2025/texmf-dist/tex/generic/xkeyval/keyval.tex))
\XKV@depth=\count270
File: xkeyval.tex 2014/12/03 v2.7a key=value parser (HA)
))
\acs@bib@file=\write3
\c@bibnote=\count271

(/usr/local/texlive/2025/texmf-dist/tex/latex/geometry/geometry.sty
Package: geometry 2020/01/02 v5.9 Page Geometry

(/usr/local/texlive/2025/texmf-dist/tex/generic/iftex/ifvtex.sty
Package: ifvtex 2019/10/25 v1.7 ifvtex legacy package. Use iftex instead.

(/usr/local/texlive/2025/texmf-dist/tex/generic/iftex/iftex.sty
Package: iftex 2024/12/12 v1.0g TeX engine tests
))
\Gm@cnth=\count272
\Gm@cntv=\count273
\c@Gm@tempcnt=\count274
\Gm@bindingoffset=\dimen142
\Gm@wd@mp=\dimen143
\Gm@odd@mp=\dimen144
\Gm@even@mp=\dimen145
\Gm@layoutwidth=\dimen146
\Gm@layoutheight=\dimen147
\Gm@layouthoffset=\dimen148
\Gm@layoutvoffset=\dimen149
\Gm@dimlist=\toks19
)
(/usr/local/texlive/2025/texmf-dist/tex/latex/caption/caption.sty
Package: caption 2023/08/05 v3.6o Customizing captions (AR)

(/usr/local/texlive/2025/texmf-dist/tex/latex/caption/caption3.sty
Package: caption3 2023/07/31 v2.4d caption3 kernel (AR)
\caption@tempdima=\dimen150
\captionmargin=\dimen151
\caption@leftmargin=\dimen152
\caption@rightmargin=\dimen153
\caption@width=\dimen154
\caption@indent=\dimen155
\caption@parindent=\dimen156
\caption@hangindent=\dimen157
Package caption Info: Standard document class detected.
)
\c@caption@flags=\count275
\c@continuedfloat=\count276
)
(/usr/local/texlive/2025/texmf-dist/tex/latex/float/float.sty
Package: float 2001/11/08 v1.3d Float enhancements (AL)
\c@float@type=\count277
\float@exts=\toks20
\float@box=\box52
\@float@everytoks=\toks21
\@floatcapt=\box53
)
(/usr/local/texlive/2025/texmf-dist/tex/latex/graphics/graphicx.sty
Package: graphicx 2021/09/16 v1.2d Enhanced LaTeX Graphics (DPC,SPQR)

(/usr/local/texlive/2025/texmf-dist/tex/latex/graphics/graphics.sty
Package: graphics 2024/08/06 v1.4g Standard LaTeX Graphics (DPC,SPQR)

(/usr/local/texlive/2025/texmf-dist/tex/latex/graphics/trig.sty
Package: trig 2023/12/02 v1.11 sin cos tan (DPC)
)
(/usr/local/texlive/2025/texmf-dist/tex/latex/graphics-cfg/graphics.cfg
File: graphics.cfg 2016/06/04 v1.11 sample graphics configuration
)
Package graphics Info: Driver file: pdftex.def on input line 106.

(/usr/local/texlive/2025/texmf-dist/tex/latex/graphics-def/pdftex.def
File: pdftex.def 2024/04/13 v1.2c Graphics/color driver for pdftex
))
\Gin@req@height=\dimen158
\Gin@req@width=\dimen159
)
(/usr/local/texlive/2025/texmf-dist/tex/latex/setspace/setspace.sty
Package: setspace 2022/12/04 v6.7b set line spacing
)
(/usr/local/texlive/2025/texmf-dist/tex/latex/url/url.sty
\Urlmuskip=\muskip17
Package: url 2013/09/16  ver 3.4  Verb mode for urls, etc.
)
\acs@author@cnt=\count278
\acs@affil@cnt=\count279
\acs@affil@alt@cnt=\count280
\acs@footnote@cnt=\count281
\acs@affil@marker@cnt=\count282
\acs@space@pre@title=\skip51
\acs@space@post@title=\skip52
\acs@space@post@author=\skip53
\acs@space@post@address=\skip54
\acs@space@post@email=\skip55
\acs@maketitle@width=\skip56
\@float@every@scheme=\toks22
\c@scheme=\count283
\@float@every@chart=\toks23
\c@chart=\count284
\@float@every@graph=\toks24
\c@graph=\count285
\@float@every@table=\toks25
\acs@collect@toks=\toks26
\acs@collect@empty@toks=\toks27
\acs@tocentry@height=\skip57
\acs@tocentry@width=\skip58

(/usr/local/texlive/2025/texmf-dist/tex/latex/achemso/achemso-jcisd8.cfg
File: achemso-jcisd8.cfg 2025-01-29 v3.13h achemso configuration: J. Chem. Inf.
 Model.
)
(/usr/local/texlive/2025/texmf-dist/tex/latex/natbib/natbib.sty
Package: natbib 2010/09/13 8.31b (PWD, AO)
\bibhang=\skip59
\bibsep=\skip60
LaTeX Info: Redefining \cite on input line 694.
\c@NAT@ctr=\count286
)
(/usr/local/texlive/2025/texmf-dist/tex/latex/achemso/natmove.sty
Package: natmove 2010/01/15 v1.1a Automatic citation moving with natbib
)
(/usr/local/texlive/2025/texmf-dist/tex/latex/mciteplus/mciteplus.sty
Package: mciteplus 2013/09/13 v1.2 enhanced mcite
\@mcitetmptoksA=\toks28
\@mcitetmpdima=\dimen160
\@mcitetmpdimb=\dimen161
\@mcitetmpcnta=\count287
\@mcitetmpcntb=\count288
\c@mcitebibitemcount=\count289
\c@mcitesubitemcount=\count290

** mciteplus: Detected natbib.sty. Invoking hooks.
)) (/usr/local/texlive/2025/texmf-dist/tex/latex/base/inputenc.sty
Package: inputenc 2024/02/08 v1.3d Input encoding file
\inpenc@prehook=\toks29
\inpenc@posthook=\toks30
)
(/usr/local/texlive/2025/texmf-dist/tex/latex/base/fontenc.sty
Package: fontenc 2021/04/29 v2.0v Standard LaTeX package
)
(/usr/local/texlive/2025/texmf-dist/tex/latex/booktabs/booktabs.sty
Package: booktabs 2020/01/12 v1.61803398 Publication quality tables
\heavyrulewidth=\dimen162
\lightrulewidth=\dimen163
\cmidrulewidth=\dimen164
\belowrulesep=\dimen165
\belowbottomsep=\dimen166
\aboverulesep=\dimen167
\abovetopsep=\dimen168
\cmidrulesep=\dimen169
\cmidrulekern=\dimen170
\defaultaddspace=\dimen171
\@cmidla=\count291
\@cmidlb=\count292
\@aboverulesep=\dimen172
\@belowrulesep=\dimen173
\@thisruleclass=\count293
\@lastruleclass=\count294
\@thisrulewidth=\dimen174
)
(/usr/local/texlive/2025/texmf-dist/tex/latex/amsfonts/amsfonts.sty
Package: amsfonts 2013/01/14 v3.01 Basic AMSFonts support
\@emptytoks=\toks31
\symAMSa=\mathgroup4
\symAMSb=\mathgroup5
LaTeX Font Info:    Redeclaring math symbol \hbar on input line 98.
LaTeX Font Info:    Overwriting math alphabet `\mathfrak' in version `bold'
(Font)                  U/euf/m/n --> U/euf/b/n on input line 106.
)
(/usr/local/texlive/2025/texmf-dist/tex/latex/amsmath/amsmath.sty
Package: amsmath 2024/11/05 v2.17t AMS math features
\@mathmargin=\skip61

For additional information on amsmath, use the `?' option.
(/usr/local/texlive/2025/texmf-dist/tex/latex/amsmath/amstext.sty
Package: amstext 2021/08/26 v2.01 AMS text

(/usr/local/texlive/2025/texmf-dist/tex/latex/amsmath/amsgen.sty
File: amsgen.sty 1999/11/30 v2.0 generic functions
\@emptytoks=\toks32
\ex@=\dimen175
))
(/usr/local/texlive/2025/texmf-dist/tex/latex/amsmath/amsbsy.sty
Package: amsbsy 1999/11/29 v1.2d Bold Symbols
\pmbraise@=\dimen176
)
(/usr/local/texlive/2025/texmf-dist/tex/latex/amsmath/amsopn.sty
Package: amsopn 2022/04/08 v2.04 operator names
)
\inf@bad=\count295
LaTeX Info: Redefining \frac on input line 233.
\uproot@=\count296
\leftroot@=\count297
LaTeX Info: Redefining \overline on input line 398.
LaTeX Info: Redefining \colon on input line 409.
\classnum@=\count298
\DOTSCASE@=\count299
LaTeX Info: Redefining \ldots on input line 495.
LaTeX Info: Redefining \dots on input line 498.
LaTeX Info: Redefining \cdots on input line 619.
\Mathstrutbox@=\box54
\strutbox@=\box55
LaTeX Info: Redefining \big on input line 721.
LaTeX Info: Redefining \Big on input line 722.
LaTeX Info: Redefining \bigg on input line 723.
LaTeX Info: Redefining \Bigg on input line 724.
\big@size=\dimen177
LaTeX Font Info:    Redeclaring font encoding OML on input line 742.
LaTeX Font Info:    Redeclaring font encoding OMS on input line 743.
\macc@depth=\count300
LaTeX Info: Redefining \bmod on input line 904.
LaTeX Info: Redefining \pmod on input line 909.
LaTeX Info: Redefining \smash on input line 939.
LaTeX Info: Redefining \relbar on input line 969.
LaTeX Info: Redefining \Relbar on input line 970.
\c@MaxMatrixCols=\count301
\dotsspace@=\muskip18
\c@parentequation=\count302
\dspbrk@lvl=\count303
\tag@help=\toks33
\row@=\count304
\column@=\count305
\maxfields@=\count306
\andhelp@=\toks34
\eqnshift@=\dimen178
\alignsep@=\dimen179
\tagshift@=\dimen180
\tagwidth@=\dimen181
\totwidth@=\dimen182
\lineht@=\dimen183
\@envbody=\toks35
\multlinegap=\skip62
\multlinetaggap=\skip63
\mathdisplay@stack=\toks36
LaTeX Info: Redefining \[ on input line 2953.
LaTeX Info: Redefining \] on input line 2954.
)
(/usr/local/texlive/2025/texmf-dist/tex/latex/amsfonts/amssymb.sty
Package: amssymb 2013/01/14 v3.01 AMS font symbols
)
(/usr/local/texlive/2025/texmf-dist/tex/latex/amscls/amsthm.sty
Package: amsthm 2020/05/29 v2.20.6
\thm@style=\toks37
\thm@bodyfont=\toks38
\thm@headfont=\toks39
\thm@notefont=\toks40
\thm@headpunct=\toks41
\thm@preskip=\skip64
\thm@postskip=\skip65
\thm@headsep=\skip66
\dth@everypar=\toks42
)
(/usr/local/texlive/2025/texmf-dist/tex/latex/algorithms/algorithm.sty
Package: algorithm 2009/08/24 v0.1 Document Style `algorithm' - floating enviro
nment

(/usr/local/texlive/2025/texmf-dist/tex/latex/base/ifthen.sty
Package: ifthen 2024/03/16 v1.1e Standard LaTeX ifthen package (DPC)
)
\@float@every@algorithm=\toks43
\c@algorithm=\count307
)
(/usr/local/texlive/2025/texmf-dist/tex/latex/algorithms/algorithmic.sty
Package: algorithmic 2009/08/24 v0.1 Document Style `algorithmic'
\c@ALC@unique=\count308
\c@ALC@line=\count309
\c@ALC@rem=\count310
\c@ALC@depth=\count311
\ALC@tlm=\skip67
\algorithmicindent=\skip68
)
(/usr/local/texlive/2025/texmf-dist/tex/latex/tools/bm.sty
Package: bm 2023/12/19 v1.2f Bold Symbol Support (DPC/FMi)
\symboldoperators=\mathgroup6
\symboldletters=\mathgroup7
\symboldsymbols=\mathgroup8
Package bm Info: No bold for \OMX/cmex/m/n, using \pmb.
Package bm Info: No bold for \U/msa/m/n, using \pmb.
Package bm Info: No bold for \U/msb/m/n, using \pmb.
LaTeX Font Info:    Redeclaring math alphabet \mathbf on input line 149.
)
(/usr/local/texlive/2025/texmf-dist/tex/latex/multirow/multirow.sty
Package: multirow 2024/11/12 v2.9 Span multiple rows of a table
\multirow@colwidth=\skip69
\multirow@cntb=\count312
\multirow@dima=\skip70
\bigstrutjot=\dimen184
)
(/usr/local/texlive/2025/texmf-dist/tex/latex/xcolor/xcolor.sty
Package: xcolor 2024/09/29 v3.02 LaTeX color extensions (UK)

(/usr/local/texlive/2025/texmf-dist/tex/latex/graphics-cfg/color.cfg
File: color.cfg 2016/01/02 v1.6 sample color configuration
)
Package xcolor Info: Driver file: pdftex.def on input line 274.

(/usr/local/texlive/2025/texmf-dist/tex/latex/graphics/mathcolor.ltx)
Package xcolor Info: Model `cmy' substituted by `cmy0' on input line 1349.
Package xcolor Info: Model `hsb' substituted by `rgb' on input line 1353.
Package xcolor Info: Model `RGB' extended on input line 1365.
Package xcolor Info: Model `HTML' substituted by `rgb' on input line 1367.
Package xcolor Info: Model `Hsb' substituted by `hsb' on input line 1368.
Package xcolor Info: Model `tHsb' substituted by `hsb' on input line 1369.
Package xcolor Info: Model `HSB' substituted by `hsb' on input line 1370.
Package xcolor Info: Model `Gray' substituted by `gray' on input line 1371.
Package xcolor Info: Model `wave' substituted by `hsb' on input line 1372.
)
(/usr/local/texlive/2025/texmf-dist/tex/latex/caption/subcaption.sty
Package: subcaption 2023/07/28 v1.6b Sub-captions (AR)
Package caption Info: New subtype `subfigure' on input line 238.
\c@subfigure=\count313
Package caption Info: New subtype `subtable' on input line 238.
\c@subtable=\count314
)
\c@theorem=\count315

(/usr/local/texlive/2025/texmf-dist/tex/latex/l3backend/l3backend-pdftex.def
File: l3backend-pdftex.def 2024-05-08 L3 backend support: PDF output (pdfTeX)
\l__color_backend_stack_int=\count316
\l__pdf_internal_box=\box56
)
(./Paper_JCIM.aux)
\openout1 = `Paper_JCIM.aux'.

LaTeX Font Info:    Checking defaults for OML/cmm/m/it on input line 46.
LaTeX Font Info:    ... okay on input line 46.
LaTeX Font Info:    Checking defaults for OMS/cmsy/m/n on input line 46.
LaTeX Font Info:    ... okay on input line 46.
LaTeX Font Info:    Checking defaults for OT1/cmr/m/n on input line 46.
LaTeX Font Info:    ... okay on input line 46.
LaTeX Font Info:    Checking defaults for T1/cmr/m/n on input line 46.
LaTeX Font Info:    ... okay on input line 46.
LaTeX Font Info:    Checking defaults for TS1/cmr/m/n on input line 46.
LaTeX Font Info:    ... okay on input line 46.
LaTeX Font Info:    Checking defaults for OMX/cmex/m/n on input line 46.
LaTeX Font Info:    ... okay on input line 46.
LaTeX Font Info:    Checking defaults for U/cmr/m/n on input line 46.
LaTeX Font Info:    ... okay on input line 46.
\openout3 = `acs-Paper_JCIM.bib'.


*geometry* driver: auto-detecting
*geometry* detected driver: pdftex
*geometry* verbose mode - [ preamble ] result:
* driver: pdftex
* paper: <default>
* layout: <same size as paper>
* layoutoffset:(h,v)=(0.0pt,0.0pt)
* modes: 
* h-part:(L,W,R)=(72.2698pt, 469.75539pt, 72.2698pt)
* v-part:(T,H,B)=(72.2698pt, 650.43037pt, 72.2698pt)
* \paperwidth=614.295pt
* \paperheight=794.96999pt
* \textwidth=469.75539pt
* \textheight=650.43037pt
* \oddsidemargin=-0.00018pt
* \evensidemargin=-0.00018pt
* \topmargin=-37.00018pt
* \headheight=12.0pt
* \headsep=25.0pt
* \topskip=12.0pt
* \footskip=30.0pt
* \marginparwidth=44.0pt
* \marginparsep=10.0pt
* \columnsep=10.0pt
* \skip\footins=10.8pt plus 4.0pt minus 2.0pt
* \hoffset=0.0pt
* \voffset=0.0pt
* \mag=1000
* \@twocolumnfalse
* \@twosidefalse
* \@mparswitchfalse
* \@reversemarginfalse
* (1in=72.27pt=25.4mm, 1cm=28.453pt)

Package caption Info: Begin \AtBeginDocument code.
Package caption Info: float package is loaded.
Package caption Info: End \AtBeginDocument code.
(/usr/local/texlive/2025/texmf-dist/tex/context/base/mkii/supp-pdf.mkii
[Loading MPS to PDF converter (version 2006.09.02).]
\scratchcounter=\count317
\scratchdimen=\dimen185
\scratchbox=\box57
\nofMPsegments=\count318
\nofMParguments=\count319
\everyMPshowfont=\toks44
\MPscratchCnt=\count320
\MPscratchDim=\dimen186
\MPnumerator=\count321
\makeMPintoPDFobject=\count322
\everyMPtoPDFconversion=\toks45
) (/usr/local/texlive/2025/texmf-dist/tex/latex/epstopdf-pkg/epstopdf-base.sty
Package: epstopdf-base 2020-01-24 v2.11 Base part for package epstopdf
Package epstopdf-base Info: Redefining graphics rule for `.eps' on input line 4
85.

(/usr/local/texlive/2025/texmf-dist/tex/latex/latexconfig/epstopdf-sys.cfg
File: epstopdf-sys.cfg 2010/07/13 v1.3 Configuration of (r)epstopdf for TeX Liv
e
))
LaTeX Font Info:    Trying to load font information for U+msa on input line 46.


(/usr/local/texlive/2025/texmf-dist/tex/latex/amsfonts/umsa.fd
File: umsa.fd 2013/01/14 v3.01 AMS symbols A
)
LaTeX Font Info:    Trying to load font information for U+msb on input line 46.


(/usr/local/texlive/2025/texmf-dist/tex/latex/amsfonts/umsb.fd
File: umsb.fd 2013/01/14 v3.01 AMS symbols B
)
(../sections/abstract.tex)

[1

{/usr/local/texlive/2025/texmf-var/fonts/map/pdftex/updmap/pdftex.map}{/usr/loc
al/texlive/2025/texmf-dist/fonts/enc/dvips/cm-super/cm-super-t1.enc}]
(../sections/introduction.tex

[2])
Overfull \hbox (7.73491pt too wide) in paragraph at lines 39--54
\T1/cmr/m/n/12 Kunitz do-mains (PF00014), SH3 do-mains (PF00018), and WW do-mai
ns (PF00397)---spanning
 []



[3] (../sections/results.tex

[4]

[5]

[6]

[7]

[8])

[9]

[10] (../sections/discussion.tex

[11]

[12]

[13]) (../sections/theory.tex
Overfull \hbox (18.55426pt too wide) in paragraph at lines 4--12
\T1/cmr/m/n/12 men-sions. The mod-ern Hop-field en-ergy$[]$ at state $\OML/cmm/
b/it/12 ^^X \OMS/cmsy/m/n/12 2 \U/msb/m/n/12 R[]$ \T1/cmr/m/n/12 is $\OML/cmm/m
/it/12 E\OT1/cmr/m/n/12 (\OML/cmm/b/it/12 ^^X\OT1/cmr/m/n/12 ) = []\OMS/cmsy/m/
n/12 k\OML/cmm/b/it/12 ^^X\OMS/cmsy/m/n/12 k[] ^^@ [] [] [][] []\OT1/cmr/m/n/12
 (\OML/cmm/m/it/12 ^^L \OT1/cmr/bx/n/12 m[]\OML/cmm/b/it/12 ^^X\OT1/cmr/m/n/12 
)$\T1/cmr/m/n/12 ,
 []


Overfull \hbox (6.3135pt too wide) in paragraph at lines 4--12
\T1/cmr/m/n/12 where $\OML/cmm/m/it/12 ^^L > \OT1/cmr/m/n/12 0$ \T1/cmr/m/n/12 
is an in-verse tem-per-a-ture. The score func-tion $\OMS/cmsy/m/n/12 r[] [] \OM
L/cmm/m/it/12 p[]\OT1/cmr/m/n/12 (\OML/cmm/b/it/12 ^^X\OT1/cmr/m/n/12 ) = \OT1/
cmr/bx/n/12 X  []\OT1/cmr/m/n/12 (\OML/cmm/m/it/12 ^^L \OT1/cmr/bx/n/12 X[]\OML
/cmm/b/it/12 ^^X\OT1/cmr/m/n/12 ) \OMS/cmsy/m/n/12 ^^@
 []



[14]
Overfull \hbox (12.87274pt too wide) in paragraph at lines 34--37
[]\T1/cmr/bx/n/12 Proposition 1 \T1/cmr/m/n/12 (Score func-tion)\T1/cmr/bx/n/12
 . []\T1/cmr/m/it/12 The score func-tion of $\OML/cmm/m/it/12 p[]\OT1/cmr/m/n/1
2 (\OML/cmm/b/it/12 ^^X\OT1/cmr/m/n/12 ) \OMS/cmsy/m/n/12 / []\OT1/cmr/m/n/12 (
\OMS/cmsy/m/n/12 ^^@\OML/cmm/m/it/12 ^^L E[]\OT1/cmr/m/n/12 (\OML/cmm/b/it/12 ^
^X\OT1/cmr/m/n/12 ))$ \T1/cmr/m/it/12 is $\OMS/cmsy/m/n/12 r[] [] \OML/cmm/m/it
/12 p[]\OT1/cmr/m/n/12 (\OML/cmm/b/it/12 ^^X\OT1/cmr/m/n/12 ) =
 []



[15]

[16]) (../sections/methods.tex

[17])

[18] (./Paper_JCIM.bbl

[19]

[20]

! Package mciteplus Error: Entry Status for cite key `satoAlaScanMVIIC2000' und
er tracking ID `main' is undefined, treating it as a head entry.

See the mciteplus package documentation for explanation.
Type  H <return>  for immediate help.
 ...                                              
                                                  
l.180 ..., Bhatt, and Bhatt]{satoAlaScanMVIIC2000}
                                                  
I don't have a record of the head/tail status of this citation. Possible reason
s include the use of a cite command that is not mciteplus aware, the use of `\n
ocite{*}', or a problem with the tracking ID and/or aux file handles. `\mciteEr
rorOnUnknownfalse' can be used to disable this error message.


! Package mciteplus Error: Entry Status for cite key `schroederLys2Effects2012'
 under tracking ID `main' is undefined, treating it as a head entry.

See the mciteplus package documentation for explanation.
Type  H <return>  for immediate help.
 ...                                              
                                                  
l.191 ...wis, and Craik]{schroederLys2Effects2012}
                                                  
I don't have a record of the head/tail status of this citation. Possible reason
s include the use of a cite command that is not mciteplus aware, the use of `\n
ocite{*}', or a problem with the tracking ID and/or aux file handles. `\mciteEr
rorOnUnknownfalse' can be used to disable this error message.


! Package mciteplus Error: Entry Status for cite key `schroederChiralityTyr1319
99' under tracking ID `main' is undefined, treating it as a head entry.

See the mciteplus package documentation for explanation.
Type  H <return>  for immediate help.
 ...                                              
                                                  
l.201   Craik]{schroederChiralityTyr131999}
                                           
I don't have a record of the head/tail status of this citation. Possible reason
s include the use of a cite command that is not mciteplus aware, the use of `\n
ocite{*}', or a problem with the tracking ID and/or aux file handles. `\mciteEr
rorOnUnknownfalse' can be used to disable this error message.

)
<../sections/figs/study1_binder_scaling.pdf, id=94, 903.375pt x 401.5pt>
File: ../sections/figs/study1_binder_scaling.pdf Graphic file (type pdf)
<use ../sections/figs/study1_binder_scaling.pdf>
Package pdftex.def Info: ../sections/figs/study1_binder_scaling.pdf  used on in
put line 110.
(pdftex.def)             Requested size: 469.75539pt x 208.78119pt.

Underfull \hbox (badness 1675) in paragraph at lines 121--121
\T1/cmr/bx/n/12 phe-no-type fi-delity is per-fect at ev-ery sam-ple size. \T1/c
mr/m/n/12 Sub-sam-pling $\OML/cmm/m/it/12 K[] \OMS/cmsy/m/n/12 2
 []

<../sections/figs/fig5_entropy_curves.pdf, id=95, 702.625pt x 501.875pt>
File: ../sections/figs/fig5_entropy_curves.pdf Graphic file (type pdf)
<use ../sections/figs/fig5_entropy_curves.pdf>
Package pdftex.def Info: ../sections/figs/fig5_entropy_curves.pdf  used on inpu
t line 130.
(pdftex.def)             Requested size: 385.20285pt x 275.15143pt.
<../sections/figs/fig2_separation_vs_gap.pdf, id=96, 758.835pt x 325.215pt>
File: ../sections/figs/fig2_separation_vs_gap.pdf Graphic file (type pdf)
<use ../sections/figs/fig2_separation_vs_gap.pdf>
Package pdftex.def Info: ../sections/figs/fig2_separation_vs_gap.pdf  used on i
nput line 150.
(pdftex.def)             Requested size: 469.75539pt x 201.3285pt.

Overfull \hbox (9.17038pt too wide) in paragraph at lines 244--256
 [][] 
 []

<../sections/figs/loop_heatmap_with_residuals.pdf, id=97, 1104.125pt x 903.375p
t>
File: ../sections/figs/loop_heatmap_with_residuals.pdf Graphic file (type pdf)
<use ../sections/figs/loop_heatmap_with_residuals.pdf>
Package pdftex.def Info: ../sections/figs/loop_heatmap_with_residuals.pdf  used
 on input line 360.
(pdftex.def)             Requested size: 469.75539pt x 384.34972pt.
<../sections/figs/sequence_analysis_kunitz.pdf, id=98, 1204.5pt x 702.625pt>
File: ../sections/figs/sequence_analysis_kunitz.pdf Graphic file (type pdf)
<use ../sections/figs/sequence_analysis_kunitz.pdf>
Package pdftex.def Info: ../sections/figs/sequence_analysis_kunitz.pdf  used on
 input line 380.
(pdftex.def)             Requested size: 469.75539pt x 274.02264pt.
<../sections/figs/sequence_analysis_conotoxin.pdf, id=99, 903.375pt x 702.625pt
>
File: ../sections/figs/sequence_analysis_conotoxin.pdf Graphic file (type pdf)
<use ../sections/figs/sequence_analysis_conotoxin.pdf>
Package pdftex.def Info: ../sections/figs/sequence_analysis_conotoxin.pdf  used
 on input line 408.
(pdftex.def)             Requested size: 469.75539pt x 365.3671pt.
<../figs/fold_superposition_combined.pdf, id=100, 722.7pt x 578.16pt>
File: ../figs/fold_superposition_combined.pdf Graphic file (type pdf)
<use ../figs/fold_superposition_combined.pdf>
Package pdftex.def Info: ../figs/fold_superposition_combined.pdf  used on input
 line 435.
(pdftex.def)             Requested size: 469.75539pt x 375.80836pt.


[21]

[22 <../sections/figs/study1_binder_scaling.pdf>]

[23 <../sections/figs/fig5_entropy_curves.pdf>]

[24 <../sections/figs/fig2_separation_vs_gap.pdf>]

[25]

[26]

[27 <../sections/figs/loop_heatmap_with_residuals.pdf>]

[28 <../sections/figs/sequence_analysis_kunitz.pdf>]

[29 <../sections/figs/sequence_analysis_conotoxin.pdf>]

[30 <../figs/fold_superposition_combined.pdf>]

[31] (./Paper_JCIM.aux)
 ***********
LaTeX2e <2024-11-01> patch level 2
L3 programming layer <2025-01-18>
 ***********
 ) 
Here is how much of TeX's memory you used:
 7627 strings out of 473190
 122852 string characters out of 5715801
 581285 words of memory out of 5000000
 30726 multiletter control sequences out of 15000+600000
 588193 words of font info for 115 fonts, out of 8000000 for 9000
 1141 hyphenation exceptions out of 8191
 84i,11n,131p,1546b,543s stack positions out of 10000i,1000n,20000p,200000b,200000s
</usr/local/texlive/2025/texmf-dist/fonts/type1/public/amsfonts/cm/cmbx10.pfb
></usr/local/texlive/2025/texmf-dist/fonts/type1/public/amsfonts/cm/cmbx12.pfb>
</usr/local/texlive/2025/texmf-dist/fonts/type1/public/amsfonts/cm/cmbx8.pfb></
usr/local/texlive/2025/texmf-dist/fonts/type1/public/amsfonts/cm/cmex10.pfb></u
sr/local/texlive/2025/texmf-dist/fonts/type1/public/amsfonts/cm/cmmi10.pfb></us
r/local/texlive/2025/texmf-dist/fonts/type1/public/amsfonts/cm/cmmi12.pfb></usr
/local/texlive/2025/texmf-dist/fonts/type1/public/amsfonts/cm/cmmi8.pfb></usr/l
ocal/texlive/2025/texmf-dist/fonts/type1/public/amsfonts/cm/cmmib10.pfb></usr/l
ocal/texlive/2025/texmf-dist/fonts/type1/public/amsfonts/cmextra/cmmib8.pfb></u
sr/local/texlive/2025/texmf-dist/fonts/type1/public/amsfonts/cm/cmr10.pfb></usr
/local/texlive/2025/texmf-dist/fonts/type1/public/amsfonts/cm/cmr12.pfb></usr/l
ocal/texlive/2025/texmf-dist/fonts/type1/public/amsfonts/cm/cmr6.pfb></usr/loca
l/texlive/2025/texmf-dist/fonts/type1/public/amsfonts/cm/cmr8.pfb></usr/local/t
exlive/2025/texmf-dist/fonts/type1/public/amsfonts/cm/cmsy10.pfb></usr/local/te
xlive/2025/texmf-dist/fonts/type1/public/amsfonts/cm/cmsy8.pfb></usr/local/texl
ive/2025/texmf-dist/fonts/type1/public/amsfonts/symbols/msbm10.pfb></usr/local/
texlive/2025/texmf-dist/fonts/type1/public/cm-super/sfbx1095.pfb></usr/local/te
xlive/2025/texmf-dist/fonts/type1/public/cm-super/sfbx1200.pfb></usr/local/texl
ive/2025/texmf-dist/fonts/type1/public/cm-super/sfbx1440.pfb></usr/local/texliv
e/2025/texmf-dist/fonts/type1/public/cm-super/sfbx1728.pfb></usr/local/texlive/
2025/texmf-dist/fonts/type1/public/cm-super/sfrm0800.pfb></usr/local/texlive/20
25/texmf-dist/fonts/type1/public/cm-super/sfrm1095.pfb></usr/local/texlive/2025
/texmf-dist/fonts/type1/public/cm-super/sfrm1200.pfb></usr/local/texlive/2025/t
exmf-dist/fonts/type1/public/cm-super/sfss1200.pfb></usr/local/texlive/2025/tex
mf-dist/fonts/type1/public/cm-super/sfss1440.pfb></usr/local/texlive/2025/texmf
-dist/fonts/type1/public/cm-super/sfsx2074.pfb></usr/local/texlive/2025/texmf-d
ist/fonts/type1/public/cm-super/sfti1200.pfb></usr/local/texlive/2025/texmf-dis
t/fonts/type1/public/cm-super/sftt1200.pfb>
Output written on Paper_JCIM.pdf (31 pages, 784386 bytes).
PDF statistics:
 421 PDF objects out of 1000 (max. 8388607)
 189 compressed objects within 2 object streams
 0 named destinations out of 1000 (max. 500000)
 36 words of extra memory for PDF output out of 10000 (max. 10000000)

